<?xml version="1.0" encoding="UTF-8"?>
<!-- Generated by org.testng.reporters.JUnitReportReporter -->
<testsuite hostname="Sureshkumar" name="testcases.TC001_Login" tests="2" failures="0" timestamp="3 Apr 2016 14:13:26 GMT" time="62.817" errors="0">
  <testcase name="login" time="37.966" classname="testcases.TC001_Login"/>
  <testcase name="login" time="24.851" classname="testcases.TC001_Login"/>
</testsuite> <!-- testcases.TC001_Login -->
