<?xml version="1.0" encoding="UTF-8"?>
<!-- Generated by org.testng.reporters.JUnitReportReporter -->
<testsuite hostname="Sureshkumar" name="testcases.TC05_MergeLead" tests="1" failures="0" timestamp="3 Apr 2016 14:13:26 GMT" time="155.705" errors="0">
  <testcase name="CreateLead" time="155.705" classname="testcases.TC05_MergeLead"/>
</testsuite> <!-- testcases.TC05_MergeLead -->
