<?xml version="1.0" encoding="UTF-8"?>
<!-- Generated by org.testng.reporters.JUnitReportReporter -->
<testsuite hostname="Sureshkumar" name="testcases.TC03_EditLead" tests="1" failures="0" timestamp="3 Apr 2016 14:13:26 GMT" time="198.441" errors="0">
  <testcase name="editLead" time="198.441" classname="testcases.TC03_EditLead"/>
</testsuite> <!-- testcases.TC03_EditLead -->
