<?xml version="1.0" encoding="UTF-8"?>
<!-- Generated by org.testng.reporters.JUnitReportReporter -->
<testsuite hostname="Sureshkumar" name="testcases.TC04_MergeLead" tests="1" failures="0" timestamp="3 Apr 2016 12:23:34 GMT" time="157.352" errors="0">
  <testcase name="CreateLead" time="157.352" classname="testcases.TC04_MergeLead"/>
</testsuite> <!-- testcases.TC04_MergeLead -->
