<?xml version="1.0" encoding="UTF-8"?>
<!-- Generated by org.testng.reporters.JUnitReportReporter -->
<testsuite hostname="Sureshkumar" name="testcases.TC02_CreateLead" tests="1" failures="0" timestamp="3 Apr 2016 03:32:09 GMT" time="70.174" errors="0">
  <testcase name="CreateLead" time="70.174" classname="testcases.TC02_CreateLead"/>
</testsuite> <!-- testcases.TC02_CreateLead -->
