<?xml version="1.0" encoding="UTF-8"?>
<!-- Generated by org.testng.reporters.JUnitReportReporter -->
<testsuite hostname="Sureshkumar" name="testcases.TC001_Login" tests="2" failures="0" timestamp="3 Apr 2016 02:01:52 GMT" time="56.210" errors="0">
  <testcase name="login" time="29.458" classname="testcases.TC001_Login"/>
  <testcase name="login" time="26.752" classname="testcases.TC001_Login"/>
</testsuite> <!-- testcases.TC001_Login -->
