<?xml version="1.0" encoding="UTF-8"?>
<!-- Generated by org.testng.reporters.JUnitReportReporter -->
<testsuite hostname="Sureshkumar" name="testcases.TC04_DeleteLead" tests="1" failures="0" timestamp="3 Apr 2016 14:13:26 GMT" time="128.033" errors="0">
  <testcase name="DeleteLead" time="128.033" classname="testcases.TC04_DeleteLead"/>
</testsuite> <!-- testcases.TC04_DeleteLead -->
